{"total": {"lines":{"total":1760,"covered":869,"skipped":0,"pct":49.37},"statements":{"total":1998,"covered":927,"skipped":0,"pct":46.39},"functions":{"total":379,"covered":157,"skipped":0,"pct":41.42},"branches":{"total":1560,"covered":588,"skipped":0,"pct":37.69},"branchesTrue":{"total":0,"covered":0,"skipped":0,"pct":100}}
,"C:\\Users\\tonimontez\\fitness-app\\api\\_cors.ts": {"lines":{"total":18,"covered":18,"skipped":0,"pct":100},"functions":{"total":3,"covered":3,"skipped":0,"pct":100},"statements":{"total":19,"covered":19,"skipped":0,"pct":100},"branches":{"total":12,"covered":10,"skipped":0,"pct":83.33}}
,"C:\\Users\\tonimontez\\fitness-app\\api\\_rateLimit.ts": {"lines":{"total":30,"covered":10,"skipped":0,"pct":33.33},"functions":{"total":2,"covered":2,"skipped":0,"pct":100},"statements":{"total":32,"covered":12,"skipped":0,"pct":37.5},"branches":{"total":19,"covered":7,"skipped":0,"pct":36.84}}
,"C:\\Users\\tonimontez\\fitness-app\\api\\_sendPush.ts": {"lines":{"total":27,"covered":1,"skipped":0,"pct":3.7},"functions":{"total":6,"covered":0,"skipped":0,"pct":0},"statements":{"total":33,"covered":1,"skipped":0,"pct":3.03},"branches":{"total":25,"covered":0,"skipped":0,"pct":0}}
,"C:\\Users\\tonimontez\\fitness-app\\api\\_stripe.ts": {"lines":{"total":39,"covered":0,"skipped":0,"pct":0},"functions":{"total":13,"covered":0,"skipped":0,"pct":0},"statements":{"total":45,"covered":0,"skipped":0,"pct":0},"branches":{"total":58,"covered":0,"skipped":0,"pct":0}}
,"C:\\Users\\tonimontez\\fitness-app\\api\\adapt.ts": {"lines":{"total":72,"covered":68,"skipped":0,"pct":94.44},"functions":{"total":13,"covered":8,"skipped":0,"pct":61.53},"statements":{"total":90,"covered":75,"skipped":0,"pct":83.33},"branches":{"total":72,"covered":52,"skipped":0,"pct":72.22}}
,"C:\\Users\\tonimontez\\fitness-app\\api\\ask.ts": {"lines":{"total":72,"covered":18,"skipped":0,"pct":25},"functions":{"total":6,"covered":1,"skipped":0,"pct":16.66},"statements":{"total":78,"covered":19,"skipped":0,"pct":24.35},"branches":{"total":83,"covered":13,"skipped":0,"pct":15.66}}
,"C:\\Users\\tonimontez\\fitness-app\\api\\checkout-status.ts": {"lines":{"total":39,"covered":15,"skipped":0,"pct":38.46},"functions":{"total":4,"covered":1,"skipped":0,"pct":25},"statements":{"total":43,"covered":15,"skipped":0,"pct":34.88},"branches":{"total":42,"covered":16,"skipped":0,"pct":38.09}}
,"C:\\Users\\tonimontez\\fitness-app\\api\\create-checkout.ts": {"lines":{"total":59,"covered":37,"skipped":0,"pct":62.71},"functions":{"total":3,"covered":3,"skipped":0,"pct":100},"statements":{"total":64,"covered":38,"skipped":0,"pct":59.37},"branches":{"total":59,"covered":34,"skipped":0,"pct":57.62}}
,"C:\\Users\\tonimontez\\fitness-app\\api\\customer-portal.ts": {"lines":{"total":35,"covered":24,"skipped":0,"pct":68.57},"functions":{"total":1,"covered":1,"skipped":0,"pct":100},"statements":{"total":39,"covered":25,"skipped":0,"pct":64.1},"branches":{"total":42,"covered":29,"skipped":0,"pct":69.04}}
,"C:\\Users\\tonimontez\\fitness-app\\api\\daily-reminder.ts": {"lines":{"total":19,"covered":6,"skipped":0,"pct":31.57},"functions":{"total":3,"covered":1,"skipped":0,"pct":33.33},"statements":{"total":21,"covered":6,"skipped":0,"pct":28.57},"branches":{"total":12,"covered":3,"skipped":0,"pct":25}}
,"C:\\Users\\tonimontez\\fitness-app\\api\\delete-account.ts": {"lines":{"total":34,"covered":30,"skipped":0,"pct":88.23},"functions":{"total":4,"covered":3,"skipped":0,"pct":75},"statements":{"total":35,"covered":30,"skipped":0,"pct":85.71},"branches":{"total":20,"covered":15,"skipped":0,"pct":75}}
,"C:\\Users\\tonimontez\\fitness-app\\api\\generate-lesson.ts": {"lines":{"total":42,"covered":14,"skipped":0,"pct":33.33},"functions":{"total":2,"covered":1,"skipped":0,"pct":50},"statements":{"total":49,"covered":14,"skipped":0,"pct":28.57},"branches":{"total":40,"covered":12,"skipped":0,"pct":30}}
,"C:\\Users\\tonimontez\\fitness-app\\api\\generate-missions.ts": {"lines":{"total":45,"covered":36,"skipped":0,"pct":80},"functions":{"total":3,"covered":2,"skipped":0,"pct":66.66},"statements":{"total":53,"covered":37,"skipped":0,"pct":69.81},"branches":{"total":46,"covered":24,"skipped":0,"pct":52.17}}
,"C:\\Users\\tonimontez\\fitness-app\\api\\generate-shared-challenge.ts": {"lines":{"total":48,"covered":8,"skipped":0,"pct":16.66},"functions":{"total":2,"covered":1,"skipped":0,"pct":50},"statements":{"total":53,"covered":8,"skipped":0,"pct":15.09},"branches":{"total":34,"covered":6,"skipped":0,"pct":17.64}}
,"C:\\Users\\tonimontez\\fitness-app\\api\\insights.ts": {"lines":{"total":37,"covered":14,"skipped":0,"pct":37.83},"functions":{"total":3,"covered":1,"skipped":0,"pct":33.33},"statements":{"total":41,"covered":14,"skipped":0,"pct":34.14},"branches":{"total":38,"covered":12,"skipped":0,"pct":31.57}}
,"C:\\Users\\tonimontez\\fitness-app\\api\\meal-plan.ts": {"lines":{"total":31,"covered":14,"skipped":0,"pct":45.16},"functions":{"total":1,"covered":1,"skipped":0,"pct":100},"statements":{"total":37,"covered":14,"skipped":0,"pct":37.83},"branches":{"total":34,"covered":11,"skipped":0,"pct":32.35}}
,"C:\\Users\\tonimontez\\fitness-app\\api\\recommend-content.ts": {"lines":{"total":38,"covered":38,"skipped":0,"pct":100},"functions":{"total":2,"covered":2,"skipped":0,"pct":100},"statements":{"total":46,"covered":42,"skipped":0,"pct":91.3},"branches":{"total":47,"covered":36,"skipped":0,"pct":76.59}}
,"C:\\Users\\tonimontez\\fitness-app\\api\\report-bug.ts": {"lines":{"total":21,"covered":9,"skipped":0,"pct":42.85},"functions":{"total":1,"covered":1,"skipped":0,"pct":100},"statements":{"total":26,"covered":9,"skipped":0,"pct":34.61},"branches":{"total":35,"covered":13,"skipped":0,"pct":37.14}}
,"C:\\Users\\tonimontez\\fitness-app\\api\\setup-profile.ts": {"lines":{"total":41,"covered":30,"skipped":0,"pct":73.17},"functions":{"total":1,"covered":1,"skipped":0,"pct":100},"statements":{"total":42,"covered":30,"skipped":0,"pct":71.42},"branches":{"total":47,"covered":33,"skipped":0,"pct":70.21}}
,"C:\\Users\\tonimontez\\fitness-app\\api\\signup.ts": {"lines":{"total":35,"covered":25,"skipped":0,"pct":71.42},"functions":{"total":2,"covered":1,"skipped":0,"pct":50},"statements":{"total":39,"covered":25,"skipped":0,"pct":64.1},"branches":{"total":52,"covered":35,"skipped":0,"pct":67.3}}
,"C:\\Users\\tonimontez\\fitness-app\\api\\subscription-status.ts": {"lines":{"total":45,"covered":38,"skipped":0,"pct":84.44},"functions":{"total":2,"covered":2,"skipped":0,"pct":100},"statements":{"total":49,"covered":40,"skipped":0,"pct":81.63},"branches":{"total":56,"covered":32,"skipped":0,"pct":57.14}}
,"C:\\Users\\tonimontez\\fitness-app\\api\\webhook-stripe.ts": {"lines":{"total":65,"covered":56,"skipped":0,"pct":86.15},"functions":{"total":9,"covered":9,"skipped":0,"pct":100},"statements":{"total":70,"covered":59,"skipped":0,"pct":84.28},"branches":{"total":37,"covered":24,"skipped":0,"pct":64.86}}
,"C:\\Users\\tonimontez\\fitness-app\\api\\weekly-digest.ts": {"lines":{"total":44,"covered":6,"skipped":0,"pct":13.63},"functions":{"total":3,"covered":1,"skipped":0,"pct":33.33},"statements":{"total":46,"covered":6,"skipped":0,"pct":13.04},"branches":{"total":28,"covered":3,"skipped":0,"pct":10.71}}
,"C:\\Users\\tonimontez\\fitness-app\\src\\components\\challenges\\PersonalChallengeCard.tsx": {"lines":{"total":42,"covered":7,"skipped":0,"pct":16.66},"functions":{"total":8,"covered":1,"skipped":0,"pct":12.5},"statements":{"total":46,"covered":7,"skipped":0,"pct":15.21},"branches":{"total":36,"covered":12,"skipped":0,"pct":33.33}}
,"C:\\Users\\tonimontez\\fitness-app\\src\\components\\ui\\Button.tsx": {"lines":{"total":3,"covered":2,"skipped":0,"pct":66.66},"functions":{"total":1,"covered":0,"skipped":0,"pct":0},"statements":{"total":3,"covered":2,"skipped":0,"pct":66.66},"branches":{"total":7,"covered":0,"skipped":0,"pct":0}}
,"C:\\Users\\tonimontez\\fitness-app\\src\\components\\ui\\Card.tsx": {"lines":{"total":2,"covered":1,"skipped":0,"pct":50},"functions":{"total":1,"covered":0,"skipped":0,"pct":0},"statements":{"total":2,"covered":1,"skipped":0,"pct":50},"branches":{"total":6,"covered":0,"skipped":0,"pct":0}}
,"C:\\Users\\tonimontez\\fitness-app\\src\\components\\ui\\Skeleton.tsx": {"lines":{"total":3,"covered":0,"skipped":0,"pct":0},"functions":{"total":1,"covered":0,"skipped":0,"pct":0},"statements":{"total":3,"covered":0,"skipped":0,"pct":0},"branches":{"total":2,"covered":0,"skipped":0,"pct":0}}
,"C:\\Users\\tonimontez\\fitness-app\\src\\data\\exercises.ts": {"lines":{"total":4,"covered":2,"skipped":0,"pct":50},"functions":{"total":3,"covered":0,"skipped":0,"pct":0},"statements":{"total":5,"covered":2,"skipped":0,"pct":40},"branches":{"total":0,"covered":0,"skipped":0,"pct":100}}
,"C:\\Users\\tonimontez\\fitness-app\\src\\hooks\\useWeightUnit.ts": {"lines":{"total":7,"covered":0,"skipped":0,"pct":0},"functions":{"total":5,"covered":0,"skipped":0,"pct":0},"statements":{"total":9,"covered":0,"skipped":0,"pct":0},"branches":{"total":2,"covered":0,"skipped":0,"pct":0}}
,"C:\\Users\\tonimontez\\fitness-app\\src\\lib\\api.ts": {"lines":{"total":1,"covered":1,"skipped":0,"pct":100},"functions":{"total":0,"covered":0,"skipped":0,"pct":100},"statements":{"total":1,"covered":1,"skipped":0,"pct":100},"branches":{"total":2,"covered":2,"skipped":0,"pct":100}}
,"C:\\Users\\tonimontez\\fitness-app\\src\\lib\\db.ts": {"lines":{"total":220,"covered":16,"skipped":0,"pct":7.27},"functions":{"total":84,"covered":7,"skipped":0,"pct":8.33},"statements":{"total":263,"covered":21,"skipped":0,"pct":7.98},"branches":{"total":266,"covered":17,"skipped":0,"pct":6.39}}
,"C:\\Users\\tonimontez\\fitness-app\\src\\lib\\dbHydration.ts": {"lines":{"total":36,"covered":6,"skipped":0,"pct":16.66},"functions":{"total":15,"covered":3,"skipped":0,"pct":20},"statements":{"total":47,"covered":8,"skipped":0,"pct":17.02},"branches":{"total":44,"covered":1,"skipped":0,"pct":2.27}}
,"C:\\Users\\tonimontez\\fitness-app\\src\\lib\\programGeneration.ts": {"lines":{"total":55,"covered":41,"skipped":0,"pct":74.54},"functions":{"total":14,"covered":11,"skipped":0,"pct":78.57},"statements":{"total":65,"covered":45,"skipped":0,"pct":69.23},"branches":{"total":31,"covered":16,"skipped":0,"pct":51.61}}
,"C:\\Users\\tonimontez\\fitness-app\\src\\lib\\staticCatalogs.ts": {"lines":{"total":59,"covered":13,"skipped":0,"pct":22.03},"functions":{"total":19,"covered":4,"skipped":0,"pct":21.05},"statements":{"total":67,"covered":14,"skipped":0,"pct":20.89},"branches":{"total":27,"covered":5,"skipped":0,"pct":18.51}}
,"C:\\Users\\tonimontez\\fitness-app\\src\\lib\\supabase.ts": {"lines":{"total":5,"covered":4,"skipped":0,"pct":80},"functions":{"total":0,"covered":0,"skipped":0,"pct":100},"statements":{"total":5,"covered":4,"skipped":0,"pct":80},"branches":{"total":4,"covered":3,"skipped":0,"pct":75}}
,"C:\\Users\\tonimontez\\fitness-app\\src\\pages\\AuthCallbackPage.tsx": {"lines":{"total":48,"covered":3,"skipped":0,"pct":6.25},"functions":{"total":19,"covered":1,"skipped":0,"pct":5.26},"statements":{"total":54,"covered":3,"skipped":0,"pct":5.55},"branches":{"total":33,"covered":4,"skipped":0,"pct":12.12}}
,"C:\\Users\\tonimontez\\fitness-app\\src\\services\\adaptService.ts": {"lines":{"total":16,"covered":0,"skipped":0,"pct":0},"functions":{"total":7,"covered":0,"skipped":0,"pct":0},"statements":{"total":17,"covered":0,"skipped":0,"pct":0},"branches":{"total":8,"covered":0,"skipped":0,"pct":0}}
,"C:\\Users\\tonimontez\\fitness-app\\src\\services\\insightsService.ts": {"lines":{"total":21,"covered":21,"skipped":0,"pct":100},"functions":{"total":8,"covered":8,"skipped":0,"pct":100},"statements":{"total":24,"covered":24,"skipped":0,"pct":100},"branches":{"total":11,"covered":9,"skipped":0,"pct":81.81}}
,"C:\\Users\\tonimontez\\fitness-app\\src\\store\\AppContext.tsx": {"lines":{"total":69,"covered":39,"skipped":0,"pct":56.52},"functions":{"total":12,"covered":1,"skipped":0,"pct":8.33},"statements":{"total":77,"covered":41,"skipped":0,"pct":53.24},"branches":{"total":46,"covered":25,"skipped":0,"pct":54.34}}
,"C:\\Users\\tonimontez\\fitness-app\\src\\utils\\dateUtils.ts": {"lines":{"total":27,"covered":26,"skipped":0,"pct":96.29},"functions":{"total":7,"covered":6,"skipped":0,"pct":85.71},"statements":{"total":28,"covered":27,"skipped":0,"pct":96.42},"branches":{"total":9,"covered":9,"skipped":0,"pct":100}}
,"C:\\Users\\tonimontez\\fitness-app\\src\\utils\\localStorage.ts": {"lines":{"total":103,"covered":77,"skipped":0,"pct":74.75},"functions":{"total":54,"covered":39,"skipped":0,"pct":72.22},"statements":{"total":111,"covered":82,"skipped":0,"pct":73.87},"branches":{"total":30,"covered":20,"skipped":0,"pct":66.66}}
,"C:\\Users\\tonimontez\\fitness-app\\src\\utils\\numberValidation.ts": {"lines":{"total":13,"covered":13,"skipped":0,"pct":100},"functions":{"total":3,"covered":3,"skipped":0,"pct":100},"statements":{"total":19,"covered":16,"skipped":0,"pct":84.21},"branches":{"total":12,"covered":9,"skipped":0,"pct":75}}
,"C:\\Users\\tonimontez\\fitness-app\\src\\utils\\programUtils.ts": {"lines":{"total":17,"covered":17,"skipped":0,"pct":100},"functions":{"total":6,"covered":6,"skipped":0,"pct":100},"statements":{"total":18,"covered":18,"skipped":0,"pct":100},"branches":{"total":6,"covered":6,"skipped":0,"pct":100}}
,"C:\\Users\\tonimontez\\fitness-app\\src\\utils\\volumeUtils.ts": {"lines":{"total":61,"covered":53,"skipped":0,"pct":86.88},"functions":{"total":18,"covered":16,"skipped":0,"pct":88.88},"statements":{"total":70,"covered":60,"skipped":0,"pct":85.71},"branches":{"total":36,"covered":27,"skipped":0,"pct":75}}
,"C:\\Users\\tonimontez\\fitness-app\\src\\utils\\weightUnits.ts": {"lines":{"total":12,"covered":12,"skipped":0,"pct":100},"functions":{"total":5,"covered":5,"skipped":0,"pct":100},"statements":{"total":14,"covered":13,"skipped":0,"pct":92.85},"branches":{"total":4,"covered":3,"skipped":0,"pct":75}}
}
